<?xml version="1.0" encoding="UTF-8"?>
<!-- Generated by org.testng.reporters.JUnitReportReporter -->
<testsuite hostname="KennethdeMacBook-Air.local" name="com.restfulbooker.apitest.businessLogics.CryptoCandleTest" tests="3" failures="0" timestamp="2 Apr 2022 01:36:46 GMT" time="11.728" errors="0">
  <testcase name="validCryptoCandleTest" time="0.589" classname="com.restfulbooker.apitest.businessLogics.CryptoCandleTest"/>
  <testcase name="validTest" time="8.516" classname="com.restfulbooker.apitest.businessLogics.CryptoCandleTest"/>
  <testcase name="invalidCryptoCandleTest" time="2.623" classname="com.restfulbooker.apitest.businessLogics.CryptoCandleTest"/>
</testsuite> <!-- com.restfulbooker.apitest.businessLogics.CryptoCandleTest -->
