<?xml version="1.0" encoding="UTF-8"?>
<!-- Generated by org.testng.reporters.JUnitReportReporter -->
<testsuite hostname="KennethdeMacBook-Air.local" failures="0" tests="3" name="com.restfulbooker.apitest.businessLogics.CryptoCandleTest" time="34.055" errors="0" timestamp="4 Apr 2022 21:49:57 GMT">
  <testcase classname="com.restfulbooker.apitest.businessLogics.CryptoCandleTest" name="candleTest" time="1.324"/>
  <testcase classname="com.restfulbooker.apitest.businessLogics.CryptoCandleTest" name="candleFailTest" time="3.730"/>
  <testcase classname="com.restfulbooker.apitest.businessLogics.CryptoCandleTest" name="validTest" time="29.001"/>
</testsuite> <!-- com.restfulbooker.apitest.businessLogics.CryptoCandleTest -->
